{"C:\\Users\\loren\\Desktop\\Informatica_Triennale\\Ingegneria_del_ Software\\UniRENT_code\\server\\routes\\booksRoute.js": {"path":"C:\\Users\\loren\\Desktop\\Informatica_Triennale\\Ingegneria_del_ Software\\UniRENT_code\\server\\routes\\booksRoute.js","statementMap":{"0":{"start":{"line":4,"column":15},"end":{"line":4,"column":31}},"1":{"start":{"line":7,"column":0},"end":{"line":38,"column":3}},"2":{"start":{"line":8,"column":4},"end":{"line":37,"column":5}},"3":{"start":{"line":9,"column":8},"end":{"line":20,"column":9}},"4":{"start":{"line":17,"column":12},"end":{"line":19,"column":15}},"5":{"start":{"line":21,"column":24},"end":{"line":28,"column":9}},"6":{"start":{"line":30,"column":21},"end":{"line":30,"column":47}},"7":{"start":{"line":32,"column":8},"end":{"line":32,"column":42}},"8":{"start":{"line":35,"column":8},"end":{"line":35,"column":34}},"9":{"start":{"line":36,"column":8},"end":{"line":36,"column":55}},"10":{"start":{"line":41,"column":0},"end":{"line":54,"column":3}},"11":{"start":{"line":42,"column":4},"end":{"line":53,"column":5}},"12":{"start":{"line":43,"column":22},"end":{"line":43,"column":41}},"13":{"start":{"line":45,"column":8},"end":{"line":48,"column":11}},"14":{"start":{"line":51,"column":8},"end":{"line":51,"column":34}},"15":{"start":{"line":52,"column":8},"end":{"line":52,"column":55}},"16":{"start":{"line":57,"column":0},"end":{"line":73,"column":3}},"17":{"start":{"line":58,"column":4},"end":{"line":72,"column":5}},"18":{"start":{"line":59,"column":21},"end":{"line":59,"column":31}},"19":{"start":{"line":61,"column":23},"end":{"line":61,"column":55}},"20":{"start":{"line":63,"column":8},"end":{"line":65,"column":9}},"21":{"start":{"line":64,"column":12},"end":{"line":64,"column":74}},"22":{"start":{"line":67,"column":8},"end":{"line":67,"column":68}},"23":{"start":{"line":70,"column":8},"end":{"line":70,"column":34}},"24":{"start":{"line":71,"column":8},"end":{"line":71,"column":55}}},"fnMap":{"0":{"name":"(anonymous_0)","decl":{"start":{"line":7,"column":17},"end":{"line":7,"column":18}},"loc":{"start":{"line":7,"column":36},"end":{"line":38,"column":1}},"line":7},"1":{"name":"(anonymous_1)","decl":{"start":{"line":41,"column":16},"end":{"line":41,"column":17}},"loc":{"start":{"line":41,"column":35},"end":{"line":54,"column":1}},"line":41},"2":{"name":"(anonymous_2)","decl":{"start":{"line":57,"column":22},"end":{"line":57,"column":23}},"loc":{"start":{"line":57,"column":41},"end":{"line":73,"column":1}},"line":57}},"branchMap":{"0":{"loc":{"start":{"line":9,"column":8},"end":{"line":20,"column":9}},"type":"if","locations":[{"start":{"line":9,"column":8},"end":{"line":20,"column":9}},{"start":{},"end":{}}],"line":9},"1":{"loc":{"start":{"line":10,"column":12},"end":{"line":15,"column":35}},"type":"binary-expr","locations":[{"start":{"line":10,"column":12},"end":{"line":10,"column":28}},{"start":{"line":11,"column":12},"end":{"line":11,"column":28}},{"start":{"line":12,"column":12},"end":{"line":12,"column":27}},{"start":{"line":13,"column":12},"end":{"line":13,"column":26}},{"start":{"line":14,"column":12},"end":{"line":14,"column":28}},{"start":{"line":15,"column":12},"end":{"line":15,"column":35}}],"line":10},"2":{"loc":{"start":{"line":63,"column":8},"end":{"line":65,"column":9}},"type":"if","locations":[{"start":{"line":63,"column":8},"end":{"line":65,"column":9}},{"start":{},"end":{}}],"line":63}},"s":{"0":1,"1":1,"2":3,"3":3,"4":1,"5":2,"6":2,"7":1,"8":1,"9":1,"10":1,"11":2,"12":2,"13":1,"14":1,"15":1,"16":1,"17":3,"18":3,"19":3,"20":2,"21":1,"22":1,"23":1,"24":1},"f":{"0":3,"1":2,"2":3},"b":{"0":[1,2],"1":[3,2,2,2,2,2],"2":[1,1]},"_coverageSchema":"1a1c01bbd47fc00a2c39e90264f33305004495a9","hash":"5e2d1b7475364bdcb86794f318be428d8718e6c6"}
,"C:\\Users\\loren\\Desktop\\Informatica_Triennale\\Ingegneria_del_ Software\\UniRENT_code\\server\\routes\\usersRoute.js": {"path":"C:\\Users\\loren\\Desktop\\Informatica_Triennale\\Ingegneria_del_ Software\\UniRENT_code\\server\\routes\\usersRoute.js","statementMap":{"0":{"start":{"line":4,"column":15},"end":{"line":4,"column":31}},"1":{"start":{"line":7,"column":0},"end":{"line":27,"column":2}},"2":{"start":{"line":8,"column":4},"end":{"line":24,"column":5}},"3":{"start":{"line":9,"column":23},"end":{"line":9,"column":63}},"4":{"start":{"line":10,"column":21},"end":{"line":10,"column":30}},"5":{"start":{"line":11,"column":8},"end":{"line":13,"column":9}},"6":{"start":{"line":12,"column":12},"end":{"line":12,"column":61}},"7":{"start":{"line":15,"column":8},"end":{"line":17,"column":9}},"8":{"start":{"line":16,"column":12},"end":{"line":16,"column":77}},"9":{"start":{"line":19,"column":8},"end":{"line":19,"column":69}},"10":{"start":{"line":22,"column":8},"end":{"line":22,"column":34}},"11":{"start":{"line":23,"column":8},"end":{"line":23,"column":55}},"12":{"start":{"line":30,"column":0},"end":{"line":32,"column":2}},"13":{"start":{"line":31,"column":4},"end":{"line":31,"column":21}}},"fnMap":{"0":{"name":"(anonymous_0)","decl":{"start":{"line":7,"column":22},"end":{"line":7,"column":23}},"loc":{"start":{"line":7,"column":39},"end":{"line":27,"column":1}},"line":7},"1":{"name":"(anonymous_1)","decl":{"start":{"line":30,"column":22},"end":{"line":30,"column":23}},"loc":{"start":{"line":30,"column":33},"end":{"line":32,"column":1}},"line":30}},"branchMap":{"0":{"loc":{"start":{"line":11,"column":8},"end":{"line":13,"column":9}},"type":"if","locations":[{"start":{"line":11,"column":8},"end":{"line":13,"column":9}},{"start":{},"end":{}}],"line":11},"1":{"loc":{"start":{"line":15,"column":8},"end":{"line":17,"column":9}},"type":"if","locations":[{"start":{"line":15,"column":8},"end":{"line":17,"column":9}},{"start":{},"end":{}}],"line":15}},"s":{"0":1,"1":1,"2":4,"3":4,"4":3,"5":3,"6":1,"7":2,"8":1,"9":1,"10":1,"11":1,"12":1,"13":1},"f":{"0":4,"1":1},"b":{"0":[1,2],"1":[1,1]},"_coverageSchema":"1a1c01bbd47fc00a2c39e90264f33305004495a9","hash":"2803e6701e6b464a7c805ba31a8c12a6cd07a721"}
}
