TN:
SF:routes\booksRoute.js
FN:7,(anonymous_0)
FN:41,(anonymous_1)
FN:57,(anonymous_2)
FNF:3
FNH:3
FNDA:3,(anonymous_0)
FNDA:2,(anonymous_1)
FNDA:3,(anonymous_2)
DA:4,1
DA:7,1
DA:8,3
DA:9,3
DA:17,1
DA:21,2
DA:30,2
DA:32,1
DA:35,1
DA:36,1
DA:41,1
DA:42,2
DA:43,2
DA:45,1
DA:51,1
DA:52,1
DA:57,1
DA:58,3
DA:59,3
DA:61,3
DA:63,2
DA:64,1
DA:67,1
DA:70,1
DA:71,1
LF:25
LH:25
BRDA:9,0,0,1
BRDA:9,0,1,2
BRDA:10,1,0,3
BRDA:10,1,1,2
BRDA:10,1,2,2
BRDA:10,1,3,2
BRDA:10,1,4,2
BRDA:10,1,5,2
BRDA:63,2,0,1
BRDA:63,2,1,1
BRF:10
BRH:10
end_of_record
TN:
SF:routes\usersRoute.js
FN:7,(anonymous_0)
FN:30,(anonymous_1)
FNF:2
FNH:2
FNDA:4,(anonymous_0)
FNDA:1,(anonymous_1)
DA:4,1
DA:7,1
DA:8,4
DA:9,4
DA:10,3
DA:11,3
DA:12,1
DA:15,2
DA:16,1
DA:19,1
DA:22,1
DA:23,1
DA:30,1
DA:31,1
LF:14
LH:14
BRDA:11,0,0,1
BRDA:11,0,1,2
BRDA:15,1,0,1
BRDA:15,1,1,1
BRF:4
BRH:4
end_of_record
